Vivado Simulator 2020.2
Copyright 1986-1999, 2001-2020 Xilinx, Inc. All Rights Reserved.
Running: C:/Xilinx_Vivado/Vivado/2020.2/bin/unwrapped/win64.o/xelab.exe -wto 256544a3d9434a9db6a7f3beb1802c01 --incr --debug typical --relax --mt 2 -L xil_defaultlib -L uvm -L unisims_ver -L unimacro_ver -L secureip --snapshot tb_behav xil_defaultlib.tb xil_defaultlib.glbl -log elaborate.log 
Using 2 slave threads.
Starting static elaboration
Pass Through NonSizing Optimizer
Completed static elaboration
Starting simulation data flow analysis
Completed simulation data flow analysis
Time Resolution for simulation is 1ps
Compiling module xil_defaultlib.fifo_mem(FIFO_WIDTH=32,FIFO_DEPT...
Compiling module xil_defaultlib.binary_to_gray(size=4)
Compiling module xil_defaultlib.gray_to_binary(size=4)
Compiling module xil_defaultlib.read_ptr_empty(PTR_WIDTH=3)
Compiling module xil_defaultlib.write_ptr_full(PTR_WIDTH=3)
Compiling module xil_defaultlib.d_flip_flop(size=4)
Compiling module xil_defaultlib.fifo_top_default
Compiling module xil_defaultlib.tb
Compiling module xil_defaultlib.glbl
Built simulation snapshot tb_behav
