#-----------------------------------------------------------
# Vivado v2020.2 (64-bit)
# SW Build 3064766 on Wed Nov 18 09:12:45 MST 2020
# IP Build 3064653 on Wed Nov 18 14:17:31 MST 2020
# Start of session at: Fri Aug  9 23:30:59 2024
# Process ID: 10736
# Current directory: G:/placement material/projects/Asynchronous FIFO
# Command line: vivado.exe -gui_launcher_event rodinguilauncherevent14604 G:\placement material\projects\Asynchronous FIFO\Asynchronous FIFO.xpr
# Log file: G:/placement material/projects/Asynchronous FIFO/vivado.log
# Journal file: G:/placement material/projects/Asynchronous FIFO\vivado.jou
#-----------------------------------------------------------
start_gui
open_project {G:/placement material/projects/Asynchronous FIFO/Asynchronous FIFO.xpr}
INFO: [Project 1-313] Project file moved from 'E:/BITS/sem 2/Projects/Asynchronous FIFO' since last save.
WARNING: [filemgmt 56-2] Default IP Output Path : Could not find the directory 'G:/placement material/projects/Asynchronous FIFO/Asynchronous FIFO.gen/sources_1', nor could it be found using path 'E:/BITS/sem 2/Projects/Asynchronous FIFO/Asynchronous FIFO.gen/sources_1'.
Scanning sources...
Finished scanning sources
INFO: [IP_Flow 19-234] Refreshing IP repositories
INFO: [IP_Flow 19-1704] No user IP repositories specified
INFO: [IP_Flow 19-2313] Loaded Vivado IP repository 'C:/Xilinx_Vivado/Vivado/2020.2/data/ip'.
open_project: Time (s): cpu = 00:00:11 ; elapsed = 00:00:07 . Memory (MB): peak = 1009.203 ; gain = 0.000
update_compile_order -fileset sources_1
exit
INFO: [Common 17-206] Exiting Vivado at Fri Aug  9 23:34:15 2024...
